<?xml version="1.0" encoding="UTF-8"?>
<testng-results skipped="0" failed="0" ignored="0" total="1" passed="1">
  <reporter-output>
  </reporter-output>
  <suite name="Suite" duration-ms="44389" started-at="2023-07-21T08:30:25 CDT" finished-at="2023-07-21T08:31:09 CDT">
    <groups>
    </groups>
    <test name="Test" duration-ms="44389" started-at="2023-07-21T08:30:25 CDT" finished-at="2023-07-21T08:31:09 CDT">
      <class name="testCases.TC_oo1_SearchProduct">
        <test-method status="PASS" signature="Search_Page()[pri:0, instance:testCases.TC_oo1_SearchProduct@80503]" name="Search_Page" duration-ms="43507" started-at="2023-07-21T08:30:26 CDT" finished-at="2023-07-21T08:31:09 CDT">
          <reporter-output>
          </reporter-output>
        </test-method> <!-- Search_Page -->
      </class> <!-- testCases.TC_oo1_SearchProduct -->
    </test> <!-- Test -->
  </suite> <!-- Suite -->
</testng-results>
