<?xml version="1.0" encoding="UTF-8"?>
<testng-results ignored="0" total="1" passed="1" failed="0" skipped="0">
  <reporter-output>
  </reporter-output>
  <suite started-at="2023-07-20T16:12:27 CDT" name="Suite" finished-at="2023-07-20T16:13:07 CDT" duration-ms="40121">
    <groups>
    </groups>
    <test started-at="2023-07-20T16:12:27 CDT" name="Test" finished-at="2023-07-20T16:13:07 CDT" duration-ms="40121">
      <class name="testCases.TC_oo1_SearchProduct">
        <test-method signature="Search_Page()[pri:0, instance:testCases.TC_oo1_SearchProduct@6392827e]" started-at="2023-07-20T16:12:28 CDT" name="Search_Page" finished-at="2023-07-20T16:13:07 CDT" duration-ms="38827" status="PASS">
          <reporter-output>
          </reporter-output>
        </test-method> <!-- Search_Page -->
      </class> <!-- testCases.TC_oo1_SearchProduct -->
    </test> <!-- Test -->
  </suite> <!-- Suite -->
</testng-results>
