<?xml version="1.0" encoding="UTF-8"?>
<testng-results ignored="0" total="1" passed="1" failed="0" skipped="0">
  <reporter-output>
  </reporter-output>
  <suite started-at="2023-07-21T09:32:18 CDT" name="Default suite" finished-at="2023-07-21T09:32:58 CDT" duration-ms="40559">
    <groups>
    </groups>
    <test started-at="2023-07-21T09:32:18 CDT" name="Default test" finished-at="2023-07-21T09:32:58 CDT" duration-ms="40559">
      <class name="testCases.TC_oo1_SearchProduct">
        <test-method signature="Search_Page()[pri:0, instance:testCases.TC_oo1_SearchProduct@bae7dc0]" started-at="2023-07-21T09:32:18 CDT" name="Search_Page" finished-at="2023-07-21T09:32:58 CDT" duration-ms="40453" status="PASS">
          <reporter-output>
          </reporter-output>
        </test-method> <!-- Search_Page -->
      </class> <!-- testCases.TC_oo1_SearchProduct -->
    </test> <!-- Default test -->
  </suite> <!-- Default suite -->
</testng-results>
